app/build/intermediates/manifest_merge_blame_file/debug/manifest-merger-blame-debug-report.txt
1<?xml version="1.0" encoding="utf-8"?>
2<manifest xmlns:android="http://schemas.android.com/apk/res/android"
3    package="com.example.mikeyboard"
4    android:versionCode="1"
5    android:versionName="1.0" >
6
7    <uses-sdk
8        android:minSdkVersion="26"
8-->src/main/AndroidManifest.xml
9        android:targetSdkVersion="34" />
9-->src/main/AndroidManifest.xml
10
11    <uses-permission
11-->src/main/AndroidManifest.xml:5:5-6:37
12        android:name="android.permission.READ_EXTERNAL_STORAGE"
12-->src/main/AndroidManifest.xml:5:22-77
13        android:maxSdkVersion="32" />
13-->src/main/AndroidManifest.xml:6:9-35
14    <uses-permission android:name="android.permission.READ_MEDIA_IMAGES" />
14-->src/main/AndroidManifest.xml:7:5-75
14-->src/main/AndroidManifest.xml:7:22-73
15
16    <permission
16-->[androidx.core:core:1.12.0] AndroidManifest.xml:22:5-24:47
17        android:name="com.example.mikeyboard.DYNAMIC_RECEIVER_NOT_EXPORTED_PERMISSION"
17-->[androidx.core:core:1.12.0] AndroidManifest.xml:23:9-81
18        android:protectionLevel="signature" />
18-->[androidx.core:core:1.12.0] AndroidManifest.xml:24:9-44
19
20    <uses-permission android:name="com.example.mikeyboard.DYNAMIC_RECEIVER_NOT_EXPORTED_PERMISSION" />
20-->[androidx.core:core:1.12.0] AndroidManifest.xml:26:5-97
20-->[androidx.core:core:1.12.0] AndroidManifest.xml:26:22-94
21
22    <application
22-->src/main/AndroidManifest.xml:9:5-34:19
23        android:appComponentFactory="androidx.core.app.CoreComponentFactory"
23-->[androidx.core:core:1.12.0] AndroidManifest.xml:28:18-86
24        android:debuggable="true"
25        android:extractNativeLibs="false"
26        android:icon="@mipmap/ic_launcher"
26-->src/main/AndroidManifest.xml:11:9-43
27        android:label="@string/app_name"
27-->src/main/AndroidManifest.xml:10:9-41
28        android:theme="@style/Theme.AppCompat.DayNight" >
28-->src/main/AndroidManifest.xml:12:9-56
29
30        <!-- Keyboard service -->
31        <service
31-->src/main/AndroidManifest.xml:15:9-26:19
32            android:name="com.example.mikeyboard.MyKeyboardService"
32-->src/main/AndroidManifest.xml:16:13-46
33            android:exported="true"
33-->src/main/AndroidManifest.xml:19:13-36
34            android:label="@string/ime_name"
34-->src/main/AndroidManifest.xml:17:13-45
35            android:permission="android.permission.BIND_INPUT_METHOD" >
35-->src/main/AndroidManifest.xml:18:13-70
36            <intent-filter>
36-->src/main/AndroidManifest.xml:20:13-22:29
37                <action android:name="android.view.InputMethod" />
37-->src/main/AndroidManifest.xml:21:17-66
37-->src/main/AndroidManifest.xml:21:25-64
38            </intent-filter>
39
40            <meta-data
40-->src/main/AndroidManifest.xml:23:13-25:49
41                android:name="android.view.im"
41-->src/main/AndroidManifest.xml:24:17-47
42                android:resource="@xml/method" />
42-->src/main/AndroidManifest.xml:25:17-47
43        </service>
44
45        <!-- Emoji picker activity -->
46        <activity
46-->src/main/AndroidManifest.xml:29:9-33:62
47            android:name="com.example.mikeyboard.EmojiPickerActivity"
47-->src/main/AndroidManifest.xml:30:13-48
48            android:exported="false"
48-->src/main/AndroidManifest.xml:32:13-37
49            android:label="Añadir Emoji"
49-->src/main/AndroidManifest.xml:31:13-41
50            android:theme="@style/Theme.AppCompat.DayNight" />
50-->src/main/AndroidManifest.xml:33:13-60
51
52        <provider
52-->[androidx.emoji2:emoji2:1.2.0] AndroidManifest.xml:24:9-32:20
53            android:name="androidx.startup.InitializationProvider"
53-->[androidx.emoji2:emoji2:1.2.0] AndroidManifest.xml:25:13-67
54            android:authorities="com.example.mikeyboard.androidx-startup"
54-->[androidx.emoji2:emoji2:1.2.0] AndroidManifest.xml:26:13-68
55            android:exported="false" >
55-->[androidx.emoji2:emoji2:1.2.0] AndroidManifest.xml:27:13-37
56            <meta-data
56-->[androidx.emoji2:emoji2:1.2.0] AndroidManifest.xml:29:13-31:52
57                android:name="androidx.emoji2.text.EmojiCompatInitializer"
57-->[androidx.emoji2:emoji2:1.2.0] AndroidManifest.xml:30:17-75
58                android:value="androidx.startup" />
58-->[androidx.emoji2:emoji2:1.2.0] AndroidManifest.xml:31:17-49
59            <meta-data
59-->[androidx.lifecycle:lifecycle-process:2.4.1] AndroidManifest.xml:31:13-33:52
60                android:name="androidx.lifecycle.ProcessLifecycleInitializer"
60-->[androidx.lifecycle:lifecycle-process:2.4.1] AndroidManifest.xml:32:17-78
61                android:value="androidx.startup" />
61-->[androidx.lifecycle:lifecycle-process:2.4.1] AndroidManifest.xml:33:17-49
62        </provider>
63    </application>
64
65</manifest>